<?xml version="1.0" encoding="UTF-8"?>
<testng-results ignored="0" total="1" passed="1" failed="0" skipped="0">
  <reporter-output>
    <line>
      <![CDATA[Database is connected successfully]]>
    </line>
    <line>
      <![CDATA[browser launched]]>
    </line>
    <line>
      <![CDATA[logged in  successfully]]>
    </line>
    <line>
      <![CDATA[logged out successfully]]>
    </line>
    <line>
      <![CDATA[browser closed]]>
    </line>
    <line>
      <![CDATA[Database is Disconnected successfully]]>
    </line>
  </reporter-output>
  <suite started-at="2023-03-31T20:49:53 IST" name="Default suite" finished-at="2023-03-31T20:50:16 IST" duration-ms="23132">
    <groups>
    </groups>
    <test started-at="2023-03-31T20:49:53 IST" name="Default test" finished-at="2023-03-31T20:50:16 IST" duration-ms="23132">
      <class name="Com.Actitime.Testscripts.Task_test">
        <test-method is-config="true" signature="databseconnection()[pri:0, instance:Com.Actitime.Testscripts.Task_test@2b91004a]" started-at="2023-03-31T20:49:53 IST" name="databseconnection" finished-at="2023-03-31T20:49:53 IST" duration-ms="8" status="PASS">
          <reporter-output>
            <line>
              <![CDATA[Database is connected successfully]]>
            </line>
          </reporter-output>
        </test-method> <!-- databseconnection -->
        <test-method is-config="true" signature="launchBrowser()[pri:0, instance:Com.Actitime.Testscripts.Task_test@2b91004a]" started-at="2023-03-31T20:49:53 IST" name="launchBrowser" finished-at="2023-03-31T20:50:04 IST" duration-ms="10928" status="PASS">
          <reporter-output>
            <line>
              <![CDATA[browser launched]]>
            </line>
          </reporter-output>
        </test-method> <!-- launchBrowser -->
        <test-method is-config="true" signature="login()[pri:0, instance:Com.Actitime.Testscripts.Task_test@2b91004a]" started-at="2023-03-31T20:50:04 IST" name="login" finished-at="2023-03-31T20:50:04 IST" duration-ms="452" status="PASS">
          <reporter-output>
            <line>
              <![CDATA[logged in  successfully]]>
            </line>
          </reporter-output>
        </test-method> <!-- login -->
        <test-method signature="createCustomer()[pri:0, instance:Com.Actitime.Testscripts.Task_test@2b91004a]" started-at="2023-03-31T20:50:04 IST" name="createCustomer" finished-at="2023-03-31T20:50:14 IST" duration-ms="9229" status="PASS">
          <reporter-output>
          </reporter-output>
        </test-method> <!-- createCustomer -->
        <test-method is-config="true" signature="logout()[pri:0, instance:Com.Actitime.Testscripts.Task_test@2b91004a]" started-at="2023-03-31T20:50:14 IST" name="logout" finished-at="2023-03-31T20:50:16 IST" duration-ms="2234" status="PASS">
          <reporter-output>
            <line>
              <![CDATA[logged out successfully]]>
            </line>
          </reporter-output>
        </test-method> <!-- logout -->
        <test-method is-config="true" signature="closeBrowser()[pri:0, instance:Com.Actitime.Testscripts.Task_test@2b91004a]" started-at="2023-03-31T20:50:16 IST" name="closeBrowser" finished-at="2023-03-31T20:50:16 IST" duration-ms="236" status="PASS">
          <reporter-output>
            <line>
              <![CDATA[browser closed]]>
            </line>
          </reporter-output>
        </test-method> <!-- closeBrowser -->
        <test-method is-config="true" signature="databasedisconnection()[pri:0, instance:Com.Actitime.Testscripts.Task_test@2b91004a]" started-at="2023-03-31T20:50:16 IST" name="databasedisconnection" finished-at="2023-03-31T20:50:16 IST" duration-ms="11" status="PASS">
          <reporter-output>
            <line>
              <![CDATA[Database is Disconnected successfully]]>
            </line>
          </reporter-output>
        </test-method> <!-- databasedisconnection -->
      </class> <!-- Com.Actitime.Testscripts.Task_test -->
    </test> <!-- Default test -->
  </suite> <!-- Default suite -->
</testng-results>
